
Running 56 tests using 4 workers

  ✓   4 [chromium] › sweep/specs/01-flows-console.spec.ts:84:5 › conflict flow + resolution stays console-clean (1.7s)
  ✓   2 [chromium] › sweep/specs/01-flows-console.spec.ts:101:5 › slow-network / offline after load produces no unhandled rejections (1.7s)
  ✓   1 [chromium] › sweep/specs/02-search-edges.spec.ts:15:5 › search edge inputs never break the catalog (1.8s)
  ✓   7 [chromium] › sweep/specs/03-storage-corruption.spec.ts:47:7 › corrupted storage: selection wrong type (684ms)
  ✓   6 [chromium] › sweep/specs/03-storage-corruption.spec.ts:47:7 › corrupted storage: selection malformed JSON (865ms)
  ✓   3 [chromium] › sweep/specs/01-flows-console.spec.ts:18:5 › full happy-path walk stays console-clean (2.7s)
  ✓   9 [chromium] › sweep/specs/03-storage-corruption.spec.ts:47:7 › corrupted storage: resolutions malformed (567ms)
  ✓  10 [chromium] › sweep/specs/03-storage-corruption.spec.ts:47:7 › corrupted storage: resolutions unknown ids (533ms)
  ✓   8 [chromium] › sweep/specs/03-storage-corruption.spec.ts:47:7 › corrupted storage: selection unknown ids (617ms)
  ✓   5 [chromium] › sweep/specs/02-search-edges.spec.ts:84:5 › category quick-nav jumps to each category (1.5s)
  ✓  11 [chromium] › sweep/specs/03-storage-corruption.spec.ts:47:7 › corrupted storage: schedules malformed (697ms)
  ✓  12 [chromium] › sweep/specs/03-storage-corruption.spec.ts:47:7 › corrupted storage: schedules active id missing (725ms)
  ✓  13 [chromium] › sweep/specs/03-storage-corruption.spec.ts:47:7 › corrupted storage: theme garbage (723ms)
  ✓  14 [chromium] › sweep/specs/03-storage-corruption.spec.ts:64:5 › localStorage disabled: app still renders (796ms)
  ✓  15 [chromium] › sweep/specs/03-storage-corruption.spec.ts:89:5 › localStorage quota full: selection clicks do not crash (722ms)
  ✓  16 [chromium] › sweep/specs/03-storage-corruption.spec.ts:120:5 › multi-tab: selection made in tab A appears in tab B (871ms)
  ✓  18 [chromium] › sweep/specs/04-limits.spec.ts:84:5 › rapid toggle spam and double-click on chips (1.9s)
  ✓  20 [chromium] › sweep/specs/04-limits.spec.ts:140:5 › dialog open/dismiss spam (exam details) (1.4s)
  ✓  22 [chromium] › sweep/specs/05-conflicts-ics.spec.ts:120:5 › deselect+reselect a moved exam re-prompts (no stale resolution) (560ms)
  ✓  19 [chromium] › sweep/specs/04-limits.spec.ts:114:5 › conflict: double-resolve (spam Keep button) stays consistent (2.3s)
  ✓  23 [chromium] › sweep/specs/05-conflicts-ics.spec.ts:140:5 › ICS export: zero selection disables export (388ms)
  ✓  17 [chromium] › sweep/specs/04-limits.spec.ts:19:5 › all 42 subjects: catalog, list, calendar (all weeks), export menu (3.5s)
  ✓  21 [chromium] › sweep/specs/05-conflicts-ics.spec.ts:43:5 › resolve conflict → list, calendar, ICS all agree (1.5s)
  ✓  25 [chromium] › sweep/specs/06-schedules.spec.ts:21:5 › schedule CRUD with hostile names + isolation (2.2s)
  ✓  27 [chromium] › sweep/specs/07-axe.spec.ts:78:9 › axe catalog-default (light) (2.0s)
  ✓  26 [chromium] › sweep/specs/06-schedules.spec.ts:128:5 › rapid new-schedule spam then delete-all-but-one (2.7s)
  ✓  24 [chromium] › sweep/specs/05-conflicts-ics.spec.ts:153:5 › ICS export: 42-subject conflict-resolved export parses (4.7s)
  ✓  28 [chromium] › sweep/specs/07-axe.spec.ts:78:9 › axe list-selected (light) (2.1s)
  ✓  29 [chromium] › sweep/specs/07-axe.spec.ts:78:9 › axe calendar-selected (light) (2.4s)
  ✓  30 [chromium] › sweep/specs/07-axe.spec.ts:78:9 › axe conflict-prompt (light) (2.1s)
  ✓  31 [chromium] › sweep/specs/07-axe.spec.ts:78:9 › axe sidebar-collapsed (light) (2.2s)
  ✓  33 [chromium] › sweep/specs/07-axe.spec.ts:78:9 › axe catalog-default (dark) (2.3s)
  ✓  32 [chromium] › sweep/specs/07-axe.spec.ts:78:9 › axe exam-details-dialog (light) (2.8s)
  ✓  34 [chromium] › sweep/specs/07-axe.spec.ts:78:9 › axe list-selected (dark) (3.0s)
  ✓  35 [chromium] › sweep/specs/07-axe.spec.ts:78:9 › axe calendar-selected (dark) (3.0s)
  ✓  36 [chromium] › sweep/specs/07-axe.spec.ts:78:9 › axe conflict-prompt (dark) (2.5s)
  ✓  40 [chromium] › sweep/specs/08-keyboard.spec.ts:42:5 › decorative emoji are aria-hidden (454ms)
  ✓  39 [chromium] › sweep/specs/08-keyboard.spec.ts:10:5 › exactly one h1; headings and landmarks sane (606ms)
  ✓  37 [chromium] › sweep/specs/07-axe.spec.ts:78:9 › axe exam-details-dialog (dark) (3.1s)
  ✓  38 [chromium] › sweep/specs/07-axe.spec.ts:78:9 › axe sidebar-collapsed (dark) (2.5s)
  ✓  42 [chromium] › sweep/specs/08-keyboard.spec.ts:149:5 › keyboard-only: chip select, view switch, pager operable; focus visible (632ms)
  ✓  43 [chromium] › sweep/specs/09-viewports.spec.ts:21:7 › no horizontal scroll @ 320px (default + all-42 calendar + list) (752ms)
  ✓  44 [chromium] › sweep/specs/09-viewports.spec.ts:21:7 › no horizontal scroll @ 375px (default + all-42 calendar + list) (678ms)
  ✓  41 [chromium] › sweep/specs/08-keyboard.spec.ts:95:5 › exam-details dialog: trap, Escape, focus restore (1.1s)
  ✓  45 [chromium] › sweep/specs/09-viewports.spec.ts:21:7 › no horizontal scroll @ 768px (default + all-42 calendar + list) (703ms)
  ✓  46 [chromium] › sweep/specs/09-viewports.spec.ts:21:7 › no horizontal scroll @ 1024px (default + all-42 calendar + list) (734ms)
  ✓  48 [chromium] › sweep/specs/09-viewports.spec.ts:75:5 › very short window (1280×450) and 200% zoom equivalent (640×450 viewport) (465ms)
  ✓  47 [chromium] › sweep/specs/09-viewports.spec.ts:21:7 › no horizontal scroll @ 1920px (default + all-42 calendar + list) (804ms)
  ✓  49 [chromium] › sweep/specs/09-viewports.spec.ts:99:5 › prefers-reduced-motion: app renders and animates nothing essential (717ms)
  ✓  51 [chromium] › sweep/specs/10-touch-targets.spec.ts:57:5 › touch targets at 375px across key states (711ms)
  ✓  50 [chromium] › sweep/specs/09-viewports.spec.ts:121:5 › dark mode: core states render (visual evidence) (800ms)
  ✓  53 [chromium] › sweep/specs/11-misc-features.spec.ts:66:5 › exam-details dialog honors the pending rule and shows College Board link (632ms)
  ✓  55 [chromium] › sweep/specs/11-misc-features.spec.ts:152:5 › sidebar collapse persists across reload; inventory external links (545ms)
  ✓  54 [chromium] › sweep/specs/11-misc-features.spec.ts:111:5 › calendar event click opens block details popup (736ms)
  ✓  56 [chromium] › sweep/specs/11-misc-features.spec.ts:207:5 › JSON and TXT exports download and contain the selection (468ms)
  ✓  52 [chromium] › sweep/specs/11-misc-features.spec.ts:20:5 › every subject: expand control works; noExam subjects say why (3.8s)

  56 passed (25.3s)
